This is pdfTeX, Version 3.1415926-1.40.10 (TeX Live 2009/Debian) (format=pdflatex 2014.1.9)  23 JAN 2014 16:17
entering extended mode
 %&-line parsing enabled.
**PPIO_SWJ.tex
(./PPIO_SWJ.tex
LaTeX2e <2009/09/24>
Babel <v3.8l> and hyphenation patterns for english, usenglishmax, dumylang, noh
yphenation, farsi, arabic, croatian, bulgarian, ukrainian, russian, czech, slov
ak, danish, dutch, finnish, french, basque, ngerman, german, german-x-2009-06-1
9, ngerman-x-2009-06-19, ibycus, monogreek, greek, ancientgreek, hungarian, san
skrit, italian, latin, latvian, lithuanian, mongolian2a, mongolian, bokmal, nyn
orsk, romanian, irish, coptic, serbian, turkish, welsh, esperanto, uppersorbian
, estonian, indonesian, interlingua, icelandic, kurmanji, slovenian, polish, po
rtuguese, spanish, galician, catalan, swedish, ukenglish, pinyin, loaded.
(./iosart2c.cls
Document Class: iosart2c 2010/10/28 v1.0, IOS Press
(/usr/share/texmf-texlive/tex/latex/base/fleqn.clo
File: fleqn.clo 1998/08/17 v1.1c Standard LaTeX option (flush left equations)
\mathindent=\dimen102
)
Ten point
\c@section=\count79
\c@subsection=\count80
\c@subsubsection=\count81
\c@paragraph=\count82
\c@subparagraph=\count83
\c@figure=\count84
\c@table=\count85
\abovecaptionskip=\skip41
\belowcaptionskip=\skip42
\tablewidth=\dimen103
\saved@tablewidth=\dimen104
\c@algorithm=\count86
\t@glob@notes=\toks14
\t@loc@notes=\toks15
\note@cnt=\count87
\c@author=\count88
\n@author=\count89
\c@address=\count90
\sv@mathsurround=\dimen105
\sv@hyphenpenalty=\count91
\prev@elem=\count92
\cur@elem=\count93
\fm@box=\box26
\fm@size=\dimen106
\t@abstract=\box27
\t@keywords=\box28
\a@title@skip=\dimen107
\b@section@skip=\skip43
\b@pretitle@skip=\skip44
\t@xtheight=\dimen108
\c@titlefootnote=\count94
\@@topskip=\dimen109
\b@author@skip=\dimen110
\dp@t@keywords=\dimen111
\@pubyear=\count95
\@copyear=\count96
(./flushend.sty
Package: flushend 2002/12/13
\@aaa=\box29
\@ccc=\box30
\lastskip@a=\skip45
\lastskip@b=\skip46
\lastskip@d=\skip47
\lastbox@a=\box31
\@viper=\box32
\hold@viper=\box33
\atColsBreak=\toks16
\@extra@skip=\dimen112
\@nd@page@rule=\dimen113
)) (/usr/share/texmf-texlive/tex/latex/base/fontenc.sty
Package: fontenc 2005/09/27 v1.99g Standard LaTeX package

(/usr/share/texmf-texlive/tex/latex/base/t1enc.def
File: t1enc.def 2005/09/27 v1.99g Standard LaTeX file
LaTeX Font Info:    Redeclaring font encoding T1 on input line 43.
))
(/usr/share/texmf-texlive/tex/latex/psnfss/times.sty
Package: times 2005/04/12 PSNFSS-v9.2a (SPQR) 
)
(/usr/share/texmf-texlive/tex/latex/natbib/natbib.sty
Package: natbib 2009/07/16 8.31 (PWD, AO)
\bibhang=\skip48
\bibsep=\skip49
LaTeX Info: Redefining \cite on input line 694.
\c@NAT@ctr=\count97
)
(/usr/share/texmf-texlive/tex/latex/graphics/graphicx.sty
Package: graphicx 1999/02/16 v1.0f Enhanced LaTeX Graphics (DPC,SPQR)

(/usr/share/texmf-texlive/tex/latex/graphics/keyval.sty
Package: keyval 1999/03/16 v1.13 key=value parser (DPC)
\KV@toks@=\toks17
)
(/usr/share/texmf-texlive/tex/latex/graphics/graphics.sty
Package: graphics 2009/02/05 v1.0o Standard LaTeX Graphics (DPC,SPQR)

(/usr/share/texmf-texlive/tex/latex/graphics/trig.sty
Package: trig 1999/03/16 v1.09 sin cos tan (DPC)
)
(/etc/texmf/tex/latex/config/graphics.cfg
File: graphics.cfg 2009/08/28 v1.8 graphics configuration of TeX Live
)
Package graphics Info: Driver file: pdftex.def on input line 91.

(/usr/share/texmf-texlive/tex/latex/pdftex-def/pdftex.def
File: pdftex.def 2010/03/12 v0.04p Graphics/color for pdfTeX
\Gread@gobject=\count98
))
\Gin@req@height=\dimen114
\Gin@req@width=\dimen115
)
(/usr/share/texmf-texlive/tex/latex/graphics/color.sty
Package: color 2005/11/14 v1.0j Standard LaTeX Color (DPC)

(/etc/texmf/tex/latex/config/color.cfg
File: color.cfg 2007/01/18 v1.5 color configuration of teTeX/TeXLive
)
Package color Info: Driver file: pdftex.def on input line 130.
)
(/usr/share/texmf-texlive/tex/latex/ltxmisc/url.sty
\Urlmuskip=\muskip10
Package: url 2006/04/12  ver 3.3  Verb mode for urls, etc.
)
(/usr/share/texmf-texlive/tex/latex/tools/xspace.sty
Package: xspace 2006/05/08 v1.12 Space after command names (DPC,MH)
) (./PPIO_SWJ.aux)
\openout1 = `PPIO_SWJ.aux'.

LaTeX Font Info:    Checking defaults for OML/cmm/m/it on input line 54.
LaTeX Font Info:    ... okay on input line 54.
LaTeX Font Info:    Checking defaults for T1/cmr/m/n on input line 54.
LaTeX Font Info:    ... okay on input line 54.
LaTeX Font Info:    Checking defaults for OT1/cmr/m/n on input line 54.
LaTeX Font Info:    ... okay on input line 54.
LaTeX Font Info:    Checking defaults for OMS/cmsy/m/n on input line 54.
LaTeX Font Info:    ... okay on input line 54.
LaTeX Font Info:    Checking defaults for OMX/cmex/m/n on input line 54.
LaTeX Font Info:    ... okay on input line 54.
LaTeX Font Info:    Checking defaults for U/cmr/m/n on input line 54.
LaTeX Font Info:    ... okay on input line 54.
LaTeX Font Info:    Try loading font information for T1+ptm on input line 54.

(/usr/share/texmf-texlive/tex/latex/psnfss/t1ptm.fd
File: t1ptm.fd 2001/06/04 font definitions for T1/ptm.
)
(/usr/share/texmf-texlive/tex/context/base/supp-pdf.mkii
[Loading MPS to PDF converter (version 2006.09.02).]
\scratchcounter=\count99
\scratchdimen=\dimen116
\scratchbox=\box34
\nofMPsegments=\count100
\nofMParguments=\count101
\everyMPshowfont=\toks18
\MPscratchCnt=\count102
\MPscratchDim=\dimen117
\MPnumerator=\count103
\everyMPtoPDFconversion=\toks19
)
\c@sv@footnote=\count104
LaTeX Font Info:    External font `cmex10' loaded for size
(Font)              <24.88> on input line 59.
LaTeX Font Info:    External font `cmex10' loaded for size
(Font)              <20.74> on input line 59.
LaTeX Font Info:    External font `cmex10' loaded for size
(Font)              <17.28> on input line 59.
LaTeX Font Info:    External font `cmex10' loaded for size
(Font)              <10.95> on input line 72.
LaTeX Font Info:    External font `cmex10' loaded for size
(Font)              <8> on input line 72.
LaTeX Font Info:    External font `cmex10' loaded for size
(Font)              <6> on input line 72.
LaTeX Font Info:    External font `cmex10' loaded for size
(Font)              <7> on input line 77.
LaTeX Font Info:    External font `cmex10' loaded for size
(Font)              <5> on input line 77.
\c@sv@footnote=\count105
LaTeX Font Info:    Try loading font information for OMS+ptm on input line 100.

 (/usr/share/texmf-texlive/tex/latex/psnfss/omsptm.fd
File: omsptm.fd 
)
LaTeX Font Info:    Font shape `OMS/ptm/m/n' in size <8> not available
(Font)              Font shape `OMS/cmsy/m/n' tried instead on input line 100.
 [1{/var/lib/texmf/fonts/map/pdftex/updmap/pdftex.map}

]
LaTeX Font Info:    Try loading font information for T1+pcr on input line 104.

(/usr/share/texmf-texlive/tex/latex/psnfss/t1pcr.fd
File: t1pcr.fd 2001/06/04 font definitions for T1/pcr.
)
Underfull \hbox (badness 10000) in paragraph at lines 108--108
[]$[]$[]$\T1/pcr/m/n/8 http : / / www . apsnet . org / edcenter / instcomm /
 []

LaTeX Font Info:    Try loading font information for T1+phv on input line 108.
(/usr/share/texmf-texlive/tex/latex/psnfss/t1phv.fd
File: t1phv.fd 2001/06/04 scalable font definitions for T1/phv.
)
<PPIO-classes2.png, id=12, 438.8897pt x 469.00218pt>
File: PPIO-classes2.png Graphic file (type png)
 <use PPIO-classes2.png>
Overfull \hbox (13.0pt too wide) in paragraph at lines 118--119
 [][] 
 []

[2]
Underfull \hbox (badness 10000) in paragraph at lines 134--134
[]$[]$[]$\T1/pcr/m/n/8 http : / / github . com / mikel-[]egana-[]aranguren /
 []


Underfull \hbox (badness 10000) in paragraph at lines 136--136
[]$[]$[]$\T1/pcr/m/n/8 http : / / www . w3 . org / TR / owl2-[]new-[]features /

 []


Underfull \hbox (badness 857) in paragraph at lines 136--137
\T1/ptm/m/n/10 not be di-rectly re-lated with class hi-er-ar-chies
 []


Underfull \hbox (badness 1077) in paragraph at lines 164--165
\T1/ptm/m/n/10 us-ing Manch-ester OWL Syn-tax, \T1/phv/m/n/10 NCBITaxon_552
 []


Overfull \hbox (2.43852pt too wide) in paragraph at lines 164--165
\T1/phv/m/n/10 Types Er-winia amylovora\T1/ptm/m/n/10 , \T1/phv/m/n/10 NCBITaxo
n_552 causes
 []

<galaxy-workflow.png, id=19, 806.01125pt x 469.755pt>
File: galaxy-workflow.png Graphic file (type png)

<use galaxy-workflow.png>
Overfull \hbox (13.0pt too wide) in paragraph at lines 167--169
 [][] 
 []

[3 <./PPIO-classes2.png>]
Underfull \hbox (badness 1226) in paragraph at lines 192--193
\T1/ptm/m/n/10 funded by the Marie Curie-COFUND Pro-gramme
 []

[4 <./galaxy-workflow.png (PNG copy)>] (./PPIO_SWJ.bbl
Underfull \hbox (badness 1430) in paragraph at lines 46--50
[]\T1/ptm/m/n/8 J. Goecks, A. Nekrutenko, J. Tay-lor, and Galaxy Team.
 []


Underfull \hbox (badness 1173) in paragraph at lines 73--77
[]\T1/ptm/m/n/8 J. Mans-field, S. Genin, S. Magori, V. Citovsky, M. Sri-
 []

)
Extra height:0.0pt when 486.53395pt
(2)Left:486.53395pt Right:483.06792pt Output:486.53395pt
- LAST -
Extra skip:0.0pt
Left:486.53395pt
Right:483.06792pt
Output:486.53395pt

Underfull \vbox (badness 10000) has occurred while \output is active []

 [5]
(./PPIO_SWJ.aux) ) 
Here is how much of TeX's memory you used:
 2103 strings out of 493848
 25078 string characters out of 1152824
 96895 words of memory out of 3000000
 5363 multiletter control sequences out of 15000+50000
 47883 words of font info for 65 fonts, out of 3000000 for 9000
 714 hyphenation exceptions out of 8191
 27i,11n,25p,2371b,319s stack positions out of 5000i,500n,10000p,200000b,50000s
{/usr/share/texmf-texlive/fonts/enc/dvips/base/8r.enc}</usr/s
hare/texmf-texlive/fonts/type1/public/amsfonts/cm/cmmi8.pfb></usr/share/texmf-t
exlive/fonts/type1/public/amsfonts/cm/cmr7.pfb></usr/share/texmf-texlive/fonts/
type1/public/amsfonts/cm/cmr8.pfb></usr/share/texmf-texlive/fonts/type1/public/
amsfonts/cm/cmsy8.pfb></usr/share/texmf-texlive/fonts/type1/urw/courier/ucrr8a.
pfb></usr/share/texmf-texlive/fonts/type1/urw/helvetic/uhvr8a.pfb></usr/share/t
exmf-texlive/fonts/type1/urw/times/utmb8a.pfb></usr/share/texmf-texlive/fonts/t
ype1/urw/times/utmr8a.pfb></usr/share/texmf-texlive/fonts/type1/urw/times/utmri
8a.pfb>
Output written on PPIO_SWJ.pdf (5 pages, 190717 bytes).
PDF statistics:
 59 PDF objects out of 1000 (max. 8388607)
 0 named destinations out of 1000 (max. 500000)
 11 words of extra memory for PDF output out of 10000 (max. 10000000)

